<?xml version="1.0" encoding="UTF-8"?>
<!-- Generated by org.testng.reporters.JUnitReportReporter -->
<testsuite skipped="0" hostname="ADMIN-PC" name="com.demo.test" tests="10" failures="0" timestamp="22 Jul 2020 16:45:06 GMT" time="17.768" errors="0">
  <testcase name="verifyTitle" time="0.236" classname="com.demo.test"/>
  <testcase name="step1" time="2.147" classname="com.demo.test"/>
  <testcase name="step2" time="3.120" classname="com.demo.test"/>
  <testcase name="step3" time="2.301" classname="com.demo.test"/>
  <testcase name="step4" time="2.571" classname="com.demo.test"/>
  <testcase name="step5" time="0.248" classname="com.demo.test"/>
  <testcase name="step6" time="3.042" classname="com.demo.test"/>
  <testcase name="step7" time="0.374" classname="com.demo.test"/>
  <testcase name="step8" time="3.466" classname="com.demo.test"/>
  <testcase name="step9" time="0.263" classname="com.demo.test"/>
</testsuite> <!-- com.demo.test -->
