<?xml version="1.0" encoding="UTF-8"?>
<!-- Generated by org.testng.reporters.JUnitReportReporter -->
<testsuite skipped="0" hostname="ADMIN-PC" name="com.demo.test" tests="10" failures="0" timestamp="22 Jul 2020 17:06:11 GMT" time="18.118" errors="0">
  <testcase name="verifyTitle" time="0.278" classname="com.demo.test"/>
  <testcase name="step1" time="2.181" classname="com.demo.test"/>
  <testcase name="step2" time="3.326" classname="com.demo.test"/>
  <testcase name="step3" time="2.317" classname="com.demo.test"/>
  <testcase name="step4" time="2.312" classname="com.demo.test"/>
  <testcase name="step5" time="0.575" classname="com.demo.test"/>
  <testcase name="step6" time="3.053" classname="com.demo.test"/>
  <testcase name="step7" time="0.384" classname="com.demo.test"/>
  <testcase name="step8" time="3.434" classname="com.demo.test"/>
  <testcase name="step9" time="0.258" classname="com.demo.test"/>
</testsuite> <!-- com.demo.test -->
